2026-03-13T16:52:00.8320144Z    _____                               
2026-03-13T16:52:00.8393709Z   /  _  \ __________ _________   ____  
2026-03-13T16:52:00.8394031Z  /  /_\  \\___   /  |  \_  __ \_/ __ \ 
2026-03-13T16:52:00.8394055Z /    |    \/    /|  |  /|  | \/\  ___/ 
2026-03-13T16:52:00.8394143Z \____|__  /_____ \____/ |__|    \___  >
2026-03-13T16:52:00.8394182Z         \/      \/                  \/ 
2026-03-13T16:52:00.8394209Z A P P   S E R V I C E   O N   L I N U X
2026-03-13T16:52:00.8394228Z 
2026-03-13T16:52:00.8394254Z Documentation    : http://aka.ms/webapp-linux
2026-03-13T16:52:00.8394279Z NodeJS quickstart: https://aka.ms/node-qs
2026-03-13T16:52:00.8394301Z NodeJS Version   : v20.20.0
2026-03-13T16:52:00.8394338Z Instance Name    : lw0sdlwk00023H
2026-03-13T16:52:00.8394371Z Instance Id      : c255c3ea26d3150db49b7a7ac6e829adde8d51979f185f1b97cd2c0eb551c7b8
2026-03-13T16:52:00.8394391Z 
2026-03-13T16:52:00.8394412Z Note: Any data outside '/home' is not persisted
2026-03-13T16:52:09.2031497Z Starting OpenBSD Secure Shell server: sshd.
2026-03-13T16:52:09.2435776Z WEBSITES_INCLUDE_CLOUD_CERTS is not set to true.
2026-03-13T16:52:09.3635495Z Updating certificates in /etc/ssl/certs...
2026-03-13T16:52:53.1413359Z rehash: warning: skipping duplicate certificate in azl_SSL.com_TLS_ECC_Root_CA_2022.pem
2026-03-13T16:52:53.1499950Z rehash: warning: skipping duplicate certificate in azl_SSL.com_TLS_RSA_Root_CA_2022.pem
2026-03-13T16:52:53.4108863Z rehash: warning: skipping ca-certificates.crt,it does not contain exactly one certificate or CRL
2026-03-13T16:52:53.4799582Z 4 added, 0 removed; done.
2026-03-13T16:52:53.4806890Z Running hooks in /etc/ca-certificates/update.d...
2026-03-13T16:52:53.5080053Z done.
2026-03-13T16:52:53.5207637Z CA certificates copied and updated successfully.
2026-03-13T16:52:53.9992359Z Starting periodic command scheduler: cron.
2026-03-13T16:52:54.2352160Z Could not find build manifest file at '/home/site/wwwroot/oryx-manifest.toml'
2026-03-13T16:52:54.2356780Z Could not find operation ID in manifest. Generating an operation id...
2026-03-13T16:52:54.2371682Z Build Operation ID: 71abbbdb-9278-4f12-b167-654306251e30
2026-03-13T16:52:54.7067450Z Environment Variables for Application Insight's IPA Codeless Configuration exists..
2026-03-13T16:52:54.7447729Z Writing output script to '/opt/startup/startup.sh'
2026-03-13T16:52:54.8244434Z Running #!/bin/sh
2026-03-13T16:52:54.8245023Z 
2026-03-13T16:52:54.8245137Z # Enter the source directory to make sure the script runs where the user expects
2026-03-13T16:52:54.8245174Z cd "/home/site/wwwroot"
2026-03-13T16:52:54.8245194Z 
2026-03-13T16:52:54.8245217Z export NODE_PATH=/usr/local/lib/node_modules:$NODE_PATH
2026-03-13T16:52:54.8245240Z if [ -z "$PORT" ]; then
2026-03-13T16:52:54.8245260Z 		export PORT=8080
2026-03-13T16:52:54.8245278Z fi
2026-03-13T16:52:54.8245316Z 
2026-03-13T16:52:54.8319969Z PATH="$PATH:/home/site/wwwroot" node server.js
2026-03-13T16:52:58.9359481Z ▲ Next.js 16.1.6
2026-03-13T16:52:58.9379803Z - Local:         http://localhost:8080
2026-03-13T16:52:58.9391139Z - Network:       http://0.0.0.0:8080
2026-03-13T16:52:58.9477189Z 
2026-03-13T16:52:58.9651596Z ✓ Starting...
2026-03-13T16:53:00.4726177Z ✓ Ready in 1566ms
